<?xml version="1.0" encoding="UTF-8"?>
<!-- Generated by org.testng.reporters.JUnitXMLReporter -->
<testsuite ignored="0" hostname="damsnoida" failures="4" tests="5" name="Test" time="28.241" errors="0" timestamp="2025-02-24T11:45:34 IST">
  <testcase classname="testCases.TC000010_LoginDDT" name="verify_loginDDT" time="6.094"/>
  <testcase classname="testCases.TC000010_LoginDDT" name="verify_loginDDT" time="10.387">
    <failure type="java.lang.AssertionError" message="null">
      <![CDATA[java.lang.AssertionError: null
at testCases.TC000010_LoginDDT.verify_loginDDT(TC000010_LoginDDT.java:105)
at java.base/java.util.ArrayList.forEach(ArrayList.java:1511)
... Removed 31 stack frames]]>
    </failure>
  </testcase> <!-- verify_loginDDT -->
  <testcase classname="testCases.TC000010_LoginDDT" name="verify_loginDDT" time="4.955">
    <failure type="java.lang.AssertionError" message="null">
      <![CDATA[java.lang.AssertionError: null
at testCases.TC000010_LoginDDT.verify_loginDDT(TC000010_LoginDDT.java:105)
at java.base/java.util.ArrayList.forEach(ArrayList.java:1511)
... Removed 31 stack frames]]>
    </failure>
  </testcase> <!-- verify_loginDDT -->
  <testcase classname="testCases.TC000010_LoginDDT" name="verify_loginDDT" time="0.182">
    <failure type="java.lang.AssertionError" message="null">
      <![CDATA[java.lang.AssertionError: null
at testCases.TC000010_LoginDDT.verify_loginDDT(TC000010_LoginDDT.java:105)
at java.base/java.util.ArrayList.forEach(ArrayList.java:1511)
... Removed 31 stack frames]]>
    </failure>
  </testcase> <!-- verify_loginDDT -->
  <testcase classname="testCases.TC000010_LoginDDT" name="verify_loginDDT" time="0.006">
    <failure type="java.lang.AssertionError" message="null">
      <![CDATA[java.lang.AssertionError: null
at testCases.TC000010_LoginDDT.verify_loginDDT(TC000010_LoginDDT.java:105)
at java.base/java.util.ArrayList.forEach(ArrayList.java:1511)
... Removed 31 stack frames]]>
    </failure>
  </testcase> <!-- verify_loginDDT -->
</testsuite> <!-- Test -->
