<?xml version="1.0" encoding="UTF-8"?>
<!-- Generated by org.testng.reporters.JUnitXMLReporter -->
<testsuite ignored="0" hostname="damsnoida" failures="2" tests="2" name="Test" time="0.057" errors="0" timestamp="2025-01-23T17:14:14 IST">
  <testcase classname="testCases.TC0000_RandomAccountRegistrationPage2andAddLoggerandCrossBrowserandConfligFiles2andGroups" name="verify_login" time="0.009">
    <failure type="java.lang.NullPointerException" message="Cannot invoke &amp;quot;org.apache.logging.log4j.Logger.info(String)&amp;quot; because &amp;quot;this.logger&amp;quot; is null">
      <![CDATA[java.lang.NullPointerException: Cannot invoke "org.apache.logging.log4j.Logger.info(String)" because "this.logger" is null
at testCases.TC0000_RandomAccountRegistrationPage2andAddLoggerandCrossBrowserandConfligFiles2andGroups.verify_login(TC0000_RandomAccountRegistrationPage2andAddLoggerandCrossBrowserandConfligFiles2andGroups.java:29)
at java.base/java.util.ArrayList.forEach(ArrayList.java:1511)
... Removed 25 stack frames]]>
    </failure>
  </testcase> <!-- verify_login -->
  <testcase classname="testCases.TC0001_LoginTest2AddGroups" name="verify_login" time="0.002">
    <failure type="java.lang.NullPointerException" message="Cannot invoke &amp;quot;org.apache.logging.log4j.Logger.info(String)&amp;quot; because &amp;quot;this.logger&amp;quot; is null">
      <![CDATA[java.lang.NullPointerException: Cannot invoke "org.apache.logging.log4j.Logger.info(String)" because "this.logger" is null
at testCases.TC0001_LoginTest2AddGroups.verify_login(TC0001_LoginTest2AddGroups.java:32)
at java.base/java.util.ArrayList.forEach(ArrayList.java:1511)
... Removed 25 stack frames]]>
    </failure>
  </testcase> <!-- verify_login -->
</testsuite> <!-- Test -->
